[0.639s] Invoking command in '/home/yasmin/ptp_ws/src/ros2_aruco': PYTHONPATH=/home/yasmin/ptp_ws/build/ros2_aruco/prefix_override:/home/yasmin/ptp_ws/install/ros2_aruco/lib/python3.10/site-packages:${PYTHONPATH} /usr/bin/python3 setup.py egg_info --egg-base ../../build/ros2_aruco build --build-base /home/yasmin/ptp_ws/build/ros2_aruco/build install --record /home/yasmin/ptp_ws/build/ros2_aruco/install.log --single-version-externally-managed
[0.890s] running egg_info
[0.891s] writing ../../build/ros2_aruco/ros2_aruco.egg-info/PKG-INFO
[0.891s] writing dependency_links to ../../build/ros2_aruco/ros2_aruco.egg-info/dependency_links.txt
[0.891s] writing entry points to ../../build/ros2_aruco/ros2_aruco.egg-info/entry_points.txt
[0.892s] writing requirements to ../../build/ros2_aruco/ros2_aruco.egg-info/requires.txt
[0.892s] writing top-level names to ../../build/ros2_aruco/ros2_aruco.egg-info/top_level.txt
[0.893s] reading manifest file '../../build/ros2_aruco/ros2_aruco.egg-info/SOURCES.txt'
[0.894s] adding license file 'LICENSE'
[0.894s] writing manifest file '../../build/ros2_aruco/ros2_aruco.egg-info/SOURCES.txt'
[0.895s] running build
[0.895s] running build_py
[0.895s] copying ros2_aruco/panel.py -> /home/yasmin/ptp_ws/build/ros2_aruco/build/lib/ros2_aruco
[0.895s] running install
[0.896s] running install_lib
[0.896s] copying /home/yasmin/ptp_ws/build/ros2_aruco/build/lib/ros2_aruco/panel.py -> /home/yasmin/ptp_ws/install/ros2_aruco/lib/python3.10/site-packages/ros2_aruco
[0.897s] byte-compiling /home/yasmin/ptp_ws/install/ros2_aruco/lib/python3.10/site-packages/ros2_aruco/panel.py to panel.cpython-310.pyc
[0.898s] running install_data
[0.899s] running install_egg_info
[0.900s] removing '/home/yasmin/ptp_ws/install/ros2_aruco/lib/python3.10/site-packages/ros2_aruco-0.1.0-py3.10.egg-info' (and everything under it)
[0.901s] Copying ../../build/ros2_aruco/ros2_aruco.egg-info to /home/yasmin/ptp_ws/install/ros2_aruco/lib/python3.10/site-packages/ros2_aruco-0.1.0-py3.10.egg-info
[0.901s] running install_scripts
[0.919s] Installing aruco_node2 script to /home/yasmin/ptp_ws/install/ros2_aruco/lib/ros2_aruco
[0.919s] Installing orientation script to /home/yasmin/ptp_ws/install/ros2_aruco/lib/ros2_aruco
[0.919s] Installing panel script to /home/yasmin/ptp_ws/install/ros2_aruco/lib/ros2_aruco
[0.919s] Installing robot script to /home/yasmin/ptp_ws/install/ros2_aruco/lib/ros2_aruco
[0.920s] writing list of installed files to '/home/yasmin/ptp_ws/build/ros2_aruco/install.log'
[0.943s] Invoked command in '/home/yasmin/ptp_ws/src/ros2_aruco' returned '0': PYTHONPATH=/home/yasmin/ptp_ws/build/ros2_aruco/prefix_override:/home/yasmin/ptp_ws/install/ros2_aruco/lib/python3.10/site-packages:${PYTHONPATH} /usr/bin/python3 setup.py egg_info --egg-base ../../build/ros2_aruco build --build-base /home/yasmin/ptp_ws/build/ros2_aruco/build install --record /home/yasmin/ptp_ws/build/ros2_aruco/install.log --single-version-externally-managed
