[0.642s] Invoking command in '/home/yasmin/ptp_ws/src/ros2_aruco': PYTHONPATH=/home/yasmin/ptp_ws/build/ros2_aruco/prefix_override:/home/yasmin/ptp_ws/install/ros2_aruco/lib/python3.10/site-packages:${PYTHONPATH} /usr/bin/python3 setup.py egg_info --egg-base ../../build/ros2_aruco build --build-base /home/yasmin/ptp_ws/build/ros2_aruco/build install --record /home/yasmin/ptp_ws/build/ros2_aruco/install.log --single-version-externally-managed
[0.896s] running egg_info
[0.897s] writing ../../build/ros2_aruco/ros2_aruco.egg-info/PKG-INFO
[0.897s] writing dependency_links to ../../build/ros2_aruco/ros2_aruco.egg-info/dependency_links.txt
[0.898s] writing entry points to ../../build/ros2_aruco/ros2_aruco.egg-info/entry_points.txt
[0.898s] writing requirements to ../../build/ros2_aruco/ros2_aruco.egg-info/requires.txt
[0.898s] writing top-level names to ../../build/ros2_aruco/ros2_aruco.egg-info/top_level.txt
[0.900s] reading manifest file '../../build/ros2_aruco/ros2_aruco.egg-info/SOURCES.txt'
[0.900s] adding license file 'LICENSE'
[0.901s] writing manifest file '../../build/ros2_aruco/ros2_aruco.egg-info/SOURCES.txt'
[0.901s] running build
[0.901s] running build_py
[0.901s] copying ros2_aruco/robot.py -> /home/yasmin/ptp_ws/build/ros2_aruco/build/lib/ros2_aruco
[0.902s] running install
[0.902s] running install_lib
[0.903s] copying /home/yasmin/ptp_ws/build/ros2_aruco/build/lib/ros2_aruco/robot.py -> /home/yasmin/ptp_ws/install/ros2_aruco/lib/python3.10/site-packages/ros2_aruco
[0.903s] byte-compiling /home/yasmin/ptp_ws/install/ros2_aruco/lib/python3.10/site-packages/ros2_aruco/robot.py to robot.cpython-310.pyc
[0.905s] running install_data
[0.905s] running install_egg_info
[0.907s] removing '/home/yasmin/ptp_ws/install/ros2_aruco/lib/python3.10/site-packages/ros2_aruco-0.1.0-py3.10.egg-info' (and everything under it)
[0.907s] Copying ../../build/ros2_aruco/ros2_aruco.egg-info to /home/yasmin/ptp_ws/install/ros2_aruco/lib/python3.10/site-packages/ros2_aruco-0.1.0-py3.10.egg-info
[0.908s] running install_scripts
[0.925s] Installing aruco_node2 script to /home/yasmin/ptp_ws/install/ros2_aruco/lib/ros2_aruco
[0.926s] Installing orientation script to /home/yasmin/ptp_ws/install/ros2_aruco/lib/ros2_aruco
[0.926s] Installing panel script to /home/yasmin/ptp_ws/install/ros2_aruco/lib/ros2_aruco
[0.926s] Installing robot script to /home/yasmin/ptp_ws/install/ros2_aruco/lib/ros2_aruco
[0.926s] writing list of installed files to '/home/yasmin/ptp_ws/build/ros2_aruco/install.log'
[0.950s] Invoked command in '/home/yasmin/ptp_ws/src/ros2_aruco' returned '0': PYTHONPATH=/home/yasmin/ptp_ws/build/ros2_aruco/prefix_override:/home/yasmin/ptp_ws/install/ros2_aruco/lib/python3.10/site-packages:${PYTHONPATH} /usr/bin/python3 setup.py egg_info --egg-base ../../build/ros2_aruco build --build-base /home/yasmin/ptp_ws/build/ros2_aruco/build install --record /home/yasmin/ptp_ws/build/ros2_aruco/install.log --single-version-externally-managed
