[0.672s] Invoking command in '/home/yasmin/ptp_ws/src/ros2_aruco': PYTHONPATH=/home/yasmin/ptp_ws/build/ros2_aruco/prefix_override:/home/yasmin/ptp_ws/install/ros2_aruco/lib/python3.10/site-packages:${PYTHONPATH} /usr/bin/python3 setup.py egg_info --egg-base ../../build/ros2_aruco build --build-base /home/yasmin/ptp_ws/build/ros2_aruco/build install --record /home/yasmin/ptp_ws/build/ros2_aruco/install.log --single-version-externally-managed
[0.923s] running egg_info
[0.923s] writing ../../build/ros2_aruco/ros2_aruco.egg-info/PKG-INFO
[0.924s] writing dependency_links to ../../build/ros2_aruco/ros2_aruco.egg-info/dependency_links.txt
[0.924s] writing entry points to ../../build/ros2_aruco/ros2_aruco.egg-info/entry_points.txt
[0.925s] writing requirements to ../../build/ros2_aruco/ros2_aruco.egg-info/requires.txt
[0.925s] writing top-level names to ../../build/ros2_aruco/ros2_aruco.egg-info/top_level.txt
[0.927s] reading manifest file '../../build/ros2_aruco/ros2_aruco.egg-info/SOURCES.txt'
[0.927s] adding license file 'LICENSE'
[0.928s] writing manifest file '../../build/ros2_aruco/ros2_aruco.egg-info/SOURCES.txt'
[0.928s] running build
[0.928s] running build_py
[0.929s] copying ros2_aruco/orientation.py -> /home/yasmin/ptp_ws/build/ros2_aruco/build/lib/ros2_aruco
[0.929s] copying ros2_aruco/panel.py -> /home/yasmin/ptp_ws/build/ros2_aruco/build/lib/ros2_aruco
[0.930s] running install
[0.930s] running install_lib
[0.931s] copying /home/yasmin/ptp_ws/build/ros2_aruco/build/lib/ros2_aruco/orientation.py -> /home/yasmin/ptp_ws/install/ros2_aruco/lib/python3.10/site-packages/ros2_aruco
[0.932s] copying /home/yasmin/ptp_ws/build/ros2_aruco/build/lib/ros2_aruco/panel.py -> /home/yasmin/ptp_ws/install/ros2_aruco/lib/python3.10/site-packages/ros2_aruco
[0.932s] byte-compiling /home/yasmin/ptp_ws/install/ros2_aruco/lib/python3.10/site-packages/ros2_aruco/orientation.py to orientation.cpython-310.pyc
[0.934s] byte-compiling /home/yasmin/ptp_ws/install/ros2_aruco/lib/python3.10/site-packages/ros2_aruco/panel.py to panel.cpython-310.pyc
[0.935s] running install_data
[0.936s] copying urdf_model/model.urdf -> /home/yasmin/ptp_ws/install/ros2_aruco/share/ros2_aruco/urdf_model
[0.936s] running install_egg_info
[0.938s] removing '/home/yasmin/ptp_ws/install/ros2_aruco/lib/python3.10/site-packages/ros2_aruco-0.1.0-py3.10.egg-info' (and everything under it)
[0.938s] Copying ../../build/ros2_aruco/ros2_aruco.egg-info to /home/yasmin/ptp_ws/install/ros2_aruco/lib/python3.10/site-packages/ros2_aruco-0.1.0-py3.10.egg-info
[0.939s] running install_scripts
[0.956s] Installing aruco_node2 script to /home/yasmin/ptp_ws/install/ros2_aruco/lib/ros2_aruco
[0.956s] Installing orientation script to /home/yasmin/ptp_ws/install/ros2_aruco/lib/ros2_aruco
[0.956s] Installing panel script to /home/yasmin/ptp_ws/install/ros2_aruco/lib/ros2_aruco
[0.957s] Installing robot script to /home/yasmin/ptp_ws/install/ros2_aruco/lib/ros2_aruco
[0.957s] writing list of installed files to '/home/yasmin/ptp_ws/build/ros2_aruco/install.log'
[0.979s] Invoked command in '/home/yasmin/ptp_ws/src/ros2_aruco' returned '0': PYTHONPATH=/home/yasmin/ptp_ws/build/ros2_aruco/prefix_override:/home/yasmin/ptp_ws/install/ros2_aruco/lib/python3.10/site-packages:${PYTHONPATH} /usr/bin/python3 setup.py egg_info --egg-base ../../build/ros2_aruco build --build-base /home/yasmin/ptp_ws/build/ros2_aruco/build install --record /home/yasmin/ptp_ws/build/ros2_aruco/install.log --single-version-externally-managed
