[0.655s] Invoking command in '/home/yasmin/ptp_ws/src/ros2_aruco': PYTHONPATH=/home/yasmin/ptp_ws/build/ros2_aruco/prefix_override:/home/yasmin/ptp_ws/install/ros2_aruco/lib/python3.10/site-packages:${PYTHONPATH} /usr/bin/python3 setup.py egg_info --egg-base ../../build/ros2_aruco build --build-base /home/yasmin/ptp_ws/build/ros2_aruco/build install --record /home/yasmin/ptp_ws/build/ros2_aruco/install.log --single-version-externally-managed
[0.904s] running egg_info
[0.905s] writing ../../build/ros2_aruco/ros2_aruco.egg-info/PKG-INFO
[0.906s] writing dependency_links to ../../build/ros2_aruco/ros2_aruco.egg-info/dependency_links.txt
[0.907s] writing entry points to ../../build/ros2_aruco/ros2_aruco.egg-info/entry_points.txt
[0.907s] writing requirements to ../../build/ros2_aruco/ros2_aruco.egg-info/requires.txt
[0.907s] writing top-level names to ../../build/ros2_aruco/ros2_aruco.egg-info/top_level.txt
[0.913s] reading manifest file '../../build/ros2_aruco/ros2_aruco.egg-info/SOURCES.txt'
[0.914s] adding license file 'LICENSE'
[0.916s] writing manifest file '../../build/ros2_aruco/ros2_aruco.egg-info/SOURCES.txt'
[0.916s] running build
[0.916s] running build_py
[0.917s] copying ros2_aruco/panel.py -> /home/yasmin/ptp_ws/build/ros2_aruco/build/lib/ros2_aruco
[0.917s] running install
[0.918s] running install_lib
[0.919s] copying /home/yasmin/ptp_ws/build/ros2_aruco/build/lib/ros2_aruco/panel.py -> /home/yasmin/ptp_ws/install/ros2_aruco/lib/python3.10/site-packages/ros2_aruco
[0.921s] byte-compiling /home/yasmin/ptp_ws/install/ros2_aruco/lib/python3.10/site-packages/ros2_aruco/panel.py to panel.cpython-310.pyc
[0.922s] running install_data
[0.924s] running install_egg_info
[0.926s] removing '/home/yasmin/ptp_ws/install/ros2_aruco/lib/python3.10/site-packages/ros2_aruco-0.1.0-py3.10.egg-info' (and everything under it)
[0.926s] Copying ../../build/ros2_aruco/ros2_aruco.egg-info to /home/yasmin/ptp_ws/install/ros2_aruco/lib/python3.10/site-packages/ros2_aruco-0.1.0-py3.10.egg-info
[0.927s] running install_scripts
[0.946s] Installing aruco_node2 script to /home/yasmin/ptp_ws/install/ros2_aruco/lib/ros2_aruco
[0.947s] Installing orientation script to /home/yasmin/ptp_ws/install/ros2_aruco/lib/ros2_aruco
[0.947s] Installing panel script to /home/yasmin/ptp_ws/install/ros2_aruco/lib/ros2_aruco
[0.947s] Installing robot script to /home/yasmin/ptp_ws/install/ros2_aruco/lib/ros2_aruco
[0.947s] writing list of installed files to '/home/yasmin/ptp_ws/build/ros2_aruco/install.log'
[0.969s] Invoked command in '/home/yasmin/ptp_ws/src/ros2_aruco' returned '0': PYTHONPATH=/home/yasmin/ptp_ws/build/ros2_aruco/prefix_override:/home/yasmin/ptp_ws/install/ros2_aruco/lib/python3.10/site-packages:${PYTHONPATH} /usr/bin/python3 setup.py egg_info --egg-base ../../build/ros2_aruco build --build-base /home/yasmin/ptp_ws/build/ros2_aruco/build install --record /home/yasmin/ptp_ws/build/ros2_aruco/install.log --single-version-externally-managed
