[0.676s] Invoking command in '/home/yasmin/ptp_ws/src/ros2_aruco': PYTHONPATH=/home/yasmin/ptp_ws/build/ros2_aruco/prefix_override:/home/yasmin/ptp_ws/install/ros2_aruco/lib/python3.10/site-packages:${PYTHONPATH} /usr/bin/python3 setup.py egg_info --egg-base ../../build/ros2_aruco build --build-base /home/yasmin/ptp_ws/build/ros2_aruco/build install --record /home/yasmin/ptp_ws/build/ros2_aruco/install.log --single-version-externally-managed
[0.945s] running egg_info
[0.945s] creating ../../build/ros2_aruco/ros2_aruco.egg-info
[0.945s] writing ../../build/ros2_aruco/ros2_aruco.egg-info/PKG-INFO
[0.946s] writing dependency_links to ../../build/ros2_aruco/ros2_aruco.egg-info/dependency_links.txt
[0.946s] writing entry points to ../../build/ros2_aruco/ros2_aruco.egg-info/entry_points.txt
[0.946s] writing requirements to ../../build/ros2_aruco/ros2_aruco.egg-info/requires.txt
[0.946s] writing top-level names to ../../build/ros2_aruco/ros2_aruco.egg-info/top_level.txt
[0.946s] writing manifest file '../../build/ros2_aruco/ros2_aruco.egg-info/SOURCES.txt'
[0.948s] reading manifest file '../../build/ros2_aruco/ros2_aruco.egg-info/SOURCES.txt'
[0.948s] adding license file 'LICENSE'
[0.949s] writing manifest file '../../build/ros2_aruco/ros2_aruco.egg-info/SOURCES.txt'
[0.949s] running build
[0.949s] running build_py
[0.949s] creating /home/yasmin/ptp_ws/build/ros2_aruco/build
[0.950s] creating /home/yasmin/ptp_ws/build/ros2_aruco/build/lib
[0.950s] creating /home/yasmin/ptp_ws/build/ros2_aruco/build/lib/ros2_aruco
[0.950s] copying ros2_aruco/orientation.py -> /home/yasmin/ptp_ws/build/ros2_aruco/build/lib/ros2_aruco
[0.950s] copying ros2_aruco/__init__.py -> /home/yasmin/ptp_ws/build/ros2_aruco/build/lib/ros2_aruco
[0.950s] copying ros2_aruco/aruco_node2.py -> /home/yasmin/ptp_ws/build/ros2_aruco/build/lib/ros2_aruco
[0.950s] copying ros2_aruco/robot.py -> /home/yasmin/ptp_ws/build/ros2_aruco/build/lib/ros2_aruco
[0.950s] copying ros2_aruco/panel.py -> /home/yasmin/ptp_ws/build/ros2_aruco/build/lib/ros2_aruco
[0.950s] creating /home/yasmin/ptp_ws/build/ros2_aruco/build/lib/ros2_aruco/markers
[0.950s] copying ros2_aruco/markers/__init__.py -> /home/yasmin/ptp_ws/build/ros2_aruco/build/lib/ros2_aruco/markers
[0.950s] copying ros2_aruco/markers/tag_definitions.py -> /home/yasmin/ptp_ws/build/ros2_aruco/build/lib/ros2_aruco/markers
[0.951s] running install
[0.951s] running install_lib
[0.951s] creating /home/yasmin/ptp_ws/install/ros2_aruco/lib/python3.10/site-packages/ros2_aruco
[0.952s] creating /home/yasmin/ptp_ws/install/ros2_aruco/lib/python3.10/site-packages/ros2_aruco/markers
[0.952s] copying /home/yasmin/ptp_ws/build/ros2_aruco/build/lib/ros2_aruco/markers/__init__.py -> /home/yasmin/ptp_ws/install/ros2_aruco/lib/python3.10/site-packages/ros2_aruco/markers
[0.952s] copying /home/yasmin/ptp_ws/build/ros2_aruco/build/lib/ros2_aruco/markers/tag_definitions.py -> /home/yasmin/ptp_ws/install/ros2_aruco/lib/python3.10/site-packages/ros2_aruco/markers
[0.952s] copying /home/yasmin/ptp_ws/build/ros2_aruco/build/lib/ros2_aruco/orientation.py -> /home/yasmin/ptp_ws/install/ros2_aruco/lib/python3.10/site-packages/ros2_aruco
[0.952s] copying /home/yasmin/ptp_ws/build/ros2_aruco/build/lib/ros2_aruco/__init__.py -> /home/yasmin/ptp_ws/install/ros2_aruco/lib/python3.10/site-packages/ros2_aruco
[0.952s] copying /home/yasmin/ptp_ws/build/ros2_aruco/build/lib/ros2_aruco/aruco_node2.py -> /home/yasmin/ptp_ws/install/ros2_aruco/lib/python3.10/site-packages/ros2_aruco
[0.952s] copying /home/yasmin/ptp_ws/build/ros2_aruco/build/lib/ros2_aruco/robot.py -> /home/yasmin/ptp_ws/install/ros2_aruco/lib/python3.10/site-packages/ros2_aruco
[0.952s] copying /home/yasmin/ptp_ws/build/ros2_aruco/build/lib/ros2_aruco/panel.py -> /home/yasmin/ptp_ws/install/ros2_aruco/lib/python3.10/site-packages/ros2_aruco
[0.953s] byte-compiling /home/yasmin/ptp_ws/install/ros2_aruco/lib/python3.10/site-packages/ros2_aruco/markers/__init__.py to __init__.cpython-310.pyc
[0.953s] byte-compiling /home/yasmin/ptp_ws/install/ros2_aruco/lib/python3.10/site-packages/ros2_aruco/markers/tag_definitions.py to tag_definitions.cpython-310.pyc
[0.953s] byte-compiling /home/yasmin/ptp_ws/install/ros2_aruco/lib/python3.10/site-packages/ros2_aruco/orientation.py to orientation.cpython-310.pyc
[0.954s] byte-compiling /home/yasmin/ptp_ws/install/ros2_aruco/lib/python3.10/site-packages/ros2_aruco/__init__.py to __init__.cpython-310.pyc
[0.955s] byte-compiling /home/yasmin/ptp_ws/install/ros2_aruco/lib/python3.10/site-packages/ros2_aruco/aruco_node2.py to aruco_node2.cpython-310.pyc
[0.956s] byte-compiling /home/yasmin/ptp_ws/install/ros2_aruco/lib/python3.10/site-packages/ros2_aruco/robot.py to robot.cpython-310.pyc
[0.957s] byte-compiling /home/yasmin/ptp_ws/install/ros2_aruco/lib/python3.10/site-packages/ros2_aruco/panel.py to panel.cpython-310.pyc
[0.957s] running install_data
[0.958s] creating /home/yasmin/ptp_ws/install/ros2_aruco/share/ament_index
[0.958s] creating /home/yasmin/ptp_ws/install/ros2_aruco/share/ament_index/resource_index
[0.959s] creating /home/yasmin/ptp_ws/install/ros2_aruco/share/ament_index/resource_index/packages
[0.959s] copying resource/ros2_aruco -> /home/yasmin/ptp_ws/install/ros2_aruco/share/ament_index/resource_index/packages
[0.959s] copying package.xml -> /home/yasmin/ptp_ws/install/ros2_aruco/share/ros2_aruco
[0.959s] creating /home/yasmin/ptp_ws/install/ros2_aruco/share/ros2_aruco/urdf_model
[0.959s] creating /home/yasmin/ptp_ws/install/ros2_aruco/share/ros2_aruco/urdf_model/Meshes
[0.959s] copying urdf_model/Meshes/R_Motor.dae -> /home/yasmin/ptp_ws/install/ros2_aruco/share/ros2_aruco/urdf_model/Meshes
[0.959s] copying urdf_model/Meshes/H_Motor.dae -> /home/yasmin/ptp_ws/install/ros2_aruco/share/ros2_aruco/urdf_model/Meshes
[0.959s] copying urdf_model/Meshes/Base.dae -> /home/yasmin/ptp_ws/install/ros2_aruco/share/ros2_aruco/urdf_model/Meshes
[0.983s] copying urdf_model/Meshes/Translation.dae -> /home/yasmin/ptp_ws/install/ros2_aruco/share/ros2_aruco/urdf_model/Meshes
[0.985s] copying urdf_model/Meshes/V_Motor.dae -> /home/yasmin/ptp_ws/install/ros2_aruco/share/ros2_aruco/urdf_model/Meshes
[0.985s] copying urdf_model/Meshes/Head.dae -> /home/yasmin/ptp_ws/install/ros2_aruco/share/ros2_aruco/urdf_model/Meshes
[1.070s] copying urdf_model/Meshes/3d_mesh.dae -> /home/yasmin/ptp_ws/install/ros2_aruco/share/ros2_aruco/urdf_model/Meshes
[1.070s] copying urdf_model/Meshes/panel.dae -> /home/yasmin/ptp_ws/install/ros2_aruco/share/ros2_aruco/urdf_model/Meshes
[1.070s] copying urdf_model/Meshes/Arm.dae -> /home/yasmin/ptp_ws/install/ros2_aruco/share/ros2_aruco/urdf_model/Meshes
[1.071s] copying urdf_model/model.urdf -> /home/yasmin/ptp_ws/install/ros2_aruco/share/ros2_aruco/urdf_model
[1.071s] creating /home/yasmin/ptp_ws/install/ros2_aruco/share/ros2_aruco/launch
[1.071s] copying launch/myrobot_launch.py -> /home/yasmin/ptp_ws/install/ros2_aruco/share/ros2_aruco/launch
[1.071s] creating /home/yasmin/ptp_ws/install/ros2_aruco/share/ros2_aruco/rviz
[1.071s] copying rviz/config.rviz -> /home/yasmin/ptp_ws/install/ros2_aruco/share/ros2_aruco/rviz
[1.071s] creating /home/yasmin/ptp_ws/install/ros2_aruco/share/ros2_aruco/ros2_aruco
[1.071s] copying ros2_aruco/panel1.txt -> /home/yasmin/ptp_ws/install/ros2_aruco/share/ros2_aruco/ros2_aruco
[1.071s] running install_egg_info
[1.073s] Copying ../../build/ros2_aruco/ros2_aruco.egg-info to /home/yasmin/ptp_ws/install/ros2_aruco/lib/python3.10/site-packages/ros2_aruco-0.1.0-py3.10.egg-info
[1.073s] running install_scripts
[1.091s] Installing aruco_node2 script to /home/yasmin/ptp_ws/install/ros2_aruco/lib/ros2_aruco
[1.092s] Installing orientation script to /home/yasmin/ptp_ws/install/ros2_aruco/lib/ros2_aruco
[1.092s] Installing panel script to /home/yasmin/ptp_ws/install/ros2_aruco/lib/ros2_aruco
[1.092s] Installing robot script to /home/yasmin/ptp_ws/install/ros2_aruco/lib/ros2_aruco
[1.092s] writing list of installed files to '/home/yasmin/ptp_ws/build/ros2_aruco/install.log'
[1.117s] Invoked command in '/home/yasmin/ptp_ws/src/ros2_aruco' returned '0': PYTHONPATH=/home/yasmin/ptp_ws/build/ros2_aruco/prefix_override:/home/yasmin/ptp_ws/install/ros2_aruco/lib/python3.10/site-packages:${PYTHONPATH} /usr/bin/python3 setup.py egg_info --egg-base ../../build/ros2_aruco build --build-base /home/yasmin/ptp_ws/build/ros2_aruco/build install --record /home/yasmin/ptp_ws/build/ros2_aruco/install.log --single-version-externally-managed
