/home/yasmin/ptp_ws/install/ros2_aruco/lib/python3.10/site-packages/ros2_aruco/orientation.py
/home/yasmin/ptp_ws/install/ros2_aruco/lib/python3.10/site-packages/ros2_aruco/__init__.py
/home/yasmin/ptp_ws/install/ros2_aruco/lib/python3.10/site-packages/ros2_aruco/aruco_node2.py
/home/yasmin/ptp_ws/install/ros2_aruco/lib/python3.10/site-packages/ros2_aruco/robot.py
/home/yasmin/ptp_ws/install/ros2_aruco/lib/python3.10/site-packages/ros2_aruco/panel.py
/home/yasmin/ptp_ws/install/ros2_aruco/lib/python3.10/site-packages/ros2_aruco/markers/__init__.py
/home/yasmin/ptp_ws/install/ros2_aruco/lib/python3.10/site-packages/ros2_aruco/markers/tag_definitions.py
/home/yasmin/ptp_ws/install/ros2_aruco/lib/python3.10/site-packages/ros2_aruco/__pycache__/orientation.cpython-310.pyc
/home/yasmin/ptp_ws/install/ros2_aruco/lib/python3.10/site-packages/ros2_aruco/__pycache__/__init__.cpython-310.pyc
/home/yasmin/ptp_ws/install/ros2_aruco/lib/python3.10/site-packages/ros2_aruco/__pycache__/aruco_node2.cpython-310.pyc
/home/yasmin/ptp_ws/install/ros2_aruco/lib/python3.10/site-packages/ros2_aruco/__pycache__/robot.cpython-310.pyc
/home/yasmin/ptp_ws/install/ros2_aruco/lib/python3.10/site-packages/ros2_aruco/__pycache__/panel.cpython-310.pyc
/home/yasmin/ptp_ws/install/ros2_aruco/lib/python3.10/site-packages/ros2_aruco/markers/__pycache__/__init__.cpython-310.pyc
/home/yasmin/ptp_ws/install/ros2_aruco/lib/python3.10/site-packages/ros2_aruco/markers/__pycache__/tag_definitions.cpython-310.pyc
/home/yasmin/ptp_ws/install/ros2_aruco/share/ament_index/resource_index/packages/ros2_aruco
/home/yasmin/ptp_ws/install/ros2_aruco/share/ros2_aruco/package.xml
/home/yasmin/ptp_ws/install/ros2_aruco/share/ros2_aruco/urdf_model/Meshes/R_Motor.dae
/home/yasmin/ptp_ws/install/ros2_aruco/share/ros2_aruco/urdf_model/Meshes/H_Motor.dae
/home/yasmin/ptp_ws/install/ros2_aruco/share/ros2_aruco/urdf_model/Meshes/Base.dae
/home/yasmin/ptp_ws/install/ros2_aruco/share/ros2_aruco/urdf_model/Meshes/Translation.dae
/home/yasmin/ptp_ws/install/ros2_aruco/share/ros2_aruco/urdf_model/Meshes/V_Motor.dae
/home/yasmin/ptp_ws/install/ros2_aruco/share/ros2_aruco/urdf_model/Meshes/Head.dae
/home/yasmin/ptp_ws/install/ros2_aruco/share/ros2_aruco/urdf_model/Meshes/3d_mesh.dae
/home/yasmin/ptp_ws/install/ros2_aruco/share/ros2_aruco/urdf_model/Meshes/panel.dae
/home/yasmin/ptp_ws/install/ros2_aruco/share/ros2_aruco/urdf_model/Meshes/Arm.dae
/home/yasmin/ptp_ws/install/ros2_aruco/share/ros2_aruco/urdf_model/model.urdf
/home/yasmin/ptp_ws/install/ros2_aruco/share/ros2_aruco/launch/myrobot_launch.py
/home/yasmin/ptp_ws/install/ros2_aruco/share/ros2_aruco/rviz/config.rviz
/home/yasmin/ptp_ws/install/ros2_aruco/share/ros2_aruco/ros2_aruco/panel1.txt
/home/yasmin/ptp_ws/install/ros2_aruco/lib/python3.10/site-packages/ros2_aruco-0.1.0-py3.10.egg-info/SOURCES.txt
/home/yasmin/ptp_ws/install/ros2_aruco/lib/python3.10/site-packages/ros2_aruco-0.1.0-py3.10.egg-info/top_level.txt
/home/yasmin/ptp_ws/install/ros2_aruco/lib/python3.10/site-packages/ros2_aruco-0.1.0-py3.10.egg-info/dependency_links.txt
/home/yasmin/ptp_ws/install/ros2_aruco/lib/python3.10/site-packages/ros2_aruco-0.1.0-py3.10.egg-info/PKG-INFO
/home/yasmin/ptp_ws/install/ros2_aruco/lib/python3.10/site-packages/ros2_aruco-0.1.0-py3.10.egg-info/requires.txt
/home/yasmin/ptp_ws/install/ros2_aruco/lib/python3.10/site-packages/ros2_aruco-0.1.0-py3.10.egg-info/zip-safe
/home/yasmin/ptp_ws/install/ros2_aruco/lib/python3.10/site-packages/ros2_aruco-0.1.0-py3.10.egg-info/entry_points.txt
/home/yasmin/ptp_ws/install/ros2_aruco/lib/ros2_aruco/aruco_node2
/home/yasmin/ptp_ws/install/ros2_aruco/lib/ros2_aruco/orientation
/home/yasmin/ptp_ws/install/ros2_aruco/lib/ros2_aruco/panel
/home/yasmin/ptp_ws/install/ros2_aruco/lib/ros2_aruco/robot
