running egg_info
writing ../../build/ros2_aruco/ros2_aruco.egg-info/PKG-INFO
writing dependency_links to ../../build/ros2_aruco/ros2_aruco.egg-info/dependency_links.txt
writing entry points to ../../build/ros2_aruco/ros2_aruco.egg-info/entry_points.txt
writing requirements to ../../build/ros2_aruco/ros2_aruco.egg-info/requires.txt
writing top-level names to ../../build/ros2_aruco/ros2_aruco.egg-info/top_level.txt
reading manifest file '../../build/ros2_aruco/ros2_aruco.egg-info/SOURCES.txt'
adding license file 'LICENSE'
writing manifest file '../../build/ros2_aruco/ros2_aruco.egg-info/SOURCES.txt'
running build
running build_py
copying ros2_aruco/orientation.py -> /home/yasmin/ptp_ws/build/ros2_aruco/build/lib/ros2_aruco
copying ros2_aruco/robot.py -> /home/yasmin/ptp_ws/build/ros2_aruco/build/lib/ros2_aruco
copying ros2_aruco/panel.py -> /home/yasmin/ptp_ws/build/ros2_aruco/build/lib/ros2_aruco
running install
running install_lib
copying /home/yasmin/ptp_ws/build/ros2_aruco/build/lib/ros2_aruco/orientation.py -> /home/yasmin/ptp_ws/install/ros2_aruco/lib/python3.10/site-packages/ros2_aruco
copying /home/yasmin/ptp_ws/build/ros2_aruco/build/lib/ros2_aruco/robot.py -> /home/yasmin/ptp_ws/install/ros2_aruco/lib/python3.10/site-packages/ros2_aruco
copying /home/yasmin/ptp_ws/build/ros2_aruco/build/lib/ros2_aruco/panel.py -> /home/yasmin/ptp_ws/install/ros2_aruco/lib/python3.10/site-packages/ros2_aruco
byte-compiling /home/yasmin/ptp_ws/install/ros2_aruco/lib/python3.10/site-packages/ros2_aruco/orientation.py to orientation.cpython-310.pyc
byte-compiling /home/yasmin/ptp_ws/install/ros2_aruco/lib/python3.10/site-packages/ros2_aruco/robot.py to robot.cpython-310.pyc
byte-compiling /home/yasmin/ptp_ws/install/ros2_aruco/lib/python3.10/site-packages/ros2_aruco/panel.py to panel.cpython-310.pyc
running install_data
copying launch/myrobot_launch.py -> /home/yasmin/ptp_ws/install/ros2_aruco/share/ros2_aruco/launch
running install_egg_info
removing '/home/yasmin/ptp_ws/install/ros2_aruco/lib/python3.10/site-packages/ros2_aruco-0.1.0-py3.10.egg-info' (and everything under it)
Copying ../../build/ros2_aruco/ros2_aruco.egg-info to /home/yasmin/ptp_ws/install/ros2_aruco/lib/python3.10/site-packages/ros2_aruco-0.1.0-py3.10.egg-info
running install_scripts
Installing aruco_node2 script to /home/yasmin/ptp_ws/install/ros2_aruco/lib/ros2_aruco
Installing orientation script to /home/yasmin/ptp_ws/install/ros2_aruco/lib/ros2_aruco
Installing panel script to /home/yasmin/ptp_ws/install/ros2_aruco/lib/ros2_aruco
Installing robot script to /home/yasmin/ptp_ws/install/ros2_aruco/lib/ros2_aruco
writing list of installed files to '/home/yasmin/ptp_ws/build/ros2_aruco/install.log'
