[0.706s] Invoking command in '/home/yasmin/ptp_ws/src/ros2_aruco': PYTHONPATH=/home/yasmin/ptp_ws/build/ros2_aruco/prefix_override:/home/yasmin/ptp_ws/install/ros2_aruco/lib/python3.10/site-packages:${PYTHONPATH} /usr/bin/python3 setup.py egg_info --egg-base ../../build/ros2_aruco build --build-base /home/yasmin/ptp_ws/build/ros2_aruco/build install --record /home/yasmin/ptp_ws/build/ros2_aruco/install.log --single-version-externally-managed
[0.961s] running egg_info
[0.962s] writing ../../build/ros2_aruco/ros2_aruco.egg-info/PKG-INFO
[0.962s] writing dependency_links to ../../build/ros2_aruco/ros2_aruco.egg-info/dependency_links.txt
[0.962s] writing entry points to ../../build/ros2_aruco/ros2_aruco.egg-info/entry_points.txt
[0.962s] writing requirements to ../../build/ros2_aruco/ros2_aruco.egg-info/requires.txt
[0.962s] writing top-level names to ../../build/ros2_aruco/ros2_aruco.egg-info/top_level.txt
[0.964s] reading manifest file '../../build/ros2_aruco/ros2_aruco.egg-info/SOURCES.txt'
[0.964s] adding license file 'LICENSE'
[0.965s] writing manifest file '../../build/ros2_aruco/ros2_aruco.egg-info/SOURCES.txt'
[0.965s] running build
[0.965s] running build_py
[0.966s] copying ros2_aruco/panel.py -> /home/yasmin/ptp_ws/build/ros2_aruco/build/lib/ros2_aruco
[0.966s] running install
[0.966s] running install_lib
[0.967s] copying /home/yasmin/ptp_ws/build/ros2_aruco/build/lib/ros2_aruco/panel.py -> /home/yasmin/ptp_ws/install/ros2_aruco/lib/python3.10/site-packages/ros2_aruco
[0.968s] byte-compiling /home/yasmin/ptp_ws/install/ros2_aruco/lib/python3.10/site-packages/ros2_aruco/panel.py to panel.cpython-310.pyc
[0.969s] running install_data
[0.970s] running install_egg_info
[0.971s] removing '/home/yasmin/ptp_ws/install/ros2_aruco/lib/python3.10/site-packages/ros2_aruco-0.1.0-py3.10.egg-info' (and everything under it)
[0.972s] Copying ../../build/ros2_aruco/ros2_aruco.egg-info to /home/yasmin/ptp_ws/install/ros2_aruco/lib/python3.10/site-packages/ros2_aruco-0.1.0-py3.10.egg-info
[0.972s] running install_scripts
[0.989s] Installing aruco_node2 script to /home/yasmin/ptp_ws/install/ros2_aruco/lib/ros2_aruco
[0.990s] Installing orientation script to /home/yasmin/ptp_ws/install/ros2_aruco/lib/ros2_aruco
[0.990s] Installing panel script to /home/yasmin/ptp_ws/install/ros2_aruco/lib/ros2_aruco
[0.990s] Installing robot script to /home/yasmin/ptp_ws/install/ros2_aruco/lib/ros2_aruco
[0.990s] writing list of installed files to '/home/yasmin/ptp_ws/build/ros2_aruco/install.log'
[1.013s] Invoked command in '/home/yasmin/ptp_ws/src/ros2_aruco' returned '0': PYTHONPATH=/home/yasmin/ptp_ws/build/ros2_aruco/prefix_override:/home/yasmin/ptp_ws/install/ros2_aruco/lib/python3.10/site-packages:${PYTHONPATH} /usr/bin/python3 setup.py egg_info --egg-base ../../build/ros2_aruco build --build-base /home/yasmin/ptp_ws/build/ros2_aruco/build install --record /home/yasmin/ptp_ws/build/ros2_aruco/install.log --single-version-externally-managed
